C:\Program Files (x86)\Microsoft Visual Studio\2019\Community\MSBuild\Microsoft\VC\v160\Microsoft.CppBuild.targets(513,5): warning MSB8028: промежуточный каталог (Debug\) содержит файлы, которые используются совместно с другим проектом (Курсач_прога_1к.vcxproj).  Это может привести к ошибкам очистки и перестроения.
  main.cpp
C:\Course_work1\Course_work1\main.cpp(22,28): warning C4305: инициализация: усечение из "double" в "float"
C:\Course_work1\Course_work1\main.cpp(27,26): warning C4305: инициализация: усечение из "double" в "float"
C:\Course_work1\Course_work1\main.cpp(48,1): warning C4305: =: усечение из "double" в "float"
C:\Course_work1\Course_work1\main.cpp(52,1): warning C4305: =: усечение из "double" в "float"
C:\Course_work1\Course_work1\main.cpp(53,38): warning C4244: =: преобразование "double" в "float", возможна потеря данных
C:\Course_work1\Course_work1\main.cpp(53,97): warning C4244: =: преобразование "double" в "float", возможна потеря данных
C:\Course_work1\Course_work1\main.cpp(108,50): warning C4244: аргумент: преобразование "float" в "T", возможна потеря данных
          with
          [
              T=int
          ]
C:\Course_work1\Course_work1\main.cpp(108,47): warning C4244: аргумент: преобразование "float" в "T", возможна потеря данных
          with
          [
              T=int
          ]
C:\Course_work1\Course_work1\main.cpp(139,50): warning C4244: аргумент: преобразование "float" в "T", возможна потеря данных
          with
          [
              T=int
          ]
C:\Course_work1\Course_work1\main.cpp(139,47): warning C4244: аргумент: преобразование "float" в "T", возможна потеря данных
          with
          [
              T=int
          ]
C:\Course_work1\Course_work1\main.cpp(166,20): warning C4305: инициализация: усечение из "double" в "float"
C:\Course_work1\Course_work1\main.cpp(235,1): warning C4305: =: усечение из "double" в "float"
C:\Course_work1\Course_work1\main.cpp(259,60): warning C4244: =: преобразование "sf::Int64" в "float", возможна потеря данных
C:\Course_work1\Course_work1\main.cpp(292,60): warning C4244: =: преобразование "sf::Int64" в "float", возможна потеря данных
C:\Course_work1\Course_work1\main.cpp(314,1): warning C4305: =: усечение из "double" в "float"
C:\Course_work1\Course_work1\main.cpp(817,23): warning C4018: <=: несоответствие типов со знаком и без знака
C:\Course_work1\Course_work1\main.cpp(857,24): warning C4018: <=: несоответствие типов со знаком и без знака
C:\Course_work1\Course_work1\main.cpp(859,42): warning C4244: аргумент: преобразование "int" в "float", возможна потеря данных
C:\Course_work1\Course_work1\main.cpp(881,42): warning C4244: аргумент: преобразование "int" в "float", возможна потеря данных
C:\Course_work1\Course_work1\main.cpp(1051,11): warning C4552: "*": результат выражения не используется
C:\Course_work1\Course_work1\main.cpp(1052,11): warning C4552: "*": результат выражения не используется
C:\Course_work1\Course_work1\main.cpp(1053,11): warning C4552: "*": результат выражения не используется
C:\Course_work1\Course_work1\main.cpp(1120,16): warning C4244: инициализация: преобразование "sf::Int64" в "float", возможна потеря данных
C:\Course_work1\Course_work1\main.cpp(1123,70): warning C4244: =: преобразование "sf::Int64" в "float", возможна потеря данных
C:\Course_work1\Course_work1\main.cpp(1124,72): warning C4244: =: преобразование "sf::Int64" в "float", возможна потеря данных
C:\Course_work1\Course_work1\main.cpp(1143,34): warning C4305: =: усечение из "double" в "float"
C:\Course_work1\Course_work1\main.cpp(1146,33): warning C4305: =: усечение из "double" в "float"
C:\Course_work1\Course_work1\main.cpp(1149,33): warning C4305: =: усечение из "double" в "float"
C:\Course_work1\Course_work1\main.cpp(1152,34): warning C4305: =: усечение из "double" в "float"
C:\Course_work1\Course_work1\main.cpp(1156,21): warning C4305: *=: усечение из "double" в "float"
C:\Course_work1\Course_work1\main.cpp(1162,34): warning C4305: =: усечение из "double" в "float"
C:\Course_work1\Course_work1\main.cpp(1165,33): warning C4305: =: усечение из "double" в "float"
C:\Course_work1\Course_work1\main.cpp(1168,33): warning C4305: =: усечение из "double" в "float"
C:\Course_work1\Course_work1\main.cpp(1171,34): warning C4305: =: усечение из "double" в "float"
C:\Course_work1\Course_work1\main.cpp(1175,21): warning C4305: *=: усечение из "double" в "float"
C:\Course_work1\Course_work1\main.cpp(1569,77): warning C4244: аргумент: преобразование "float" в "T", возможна потеря данных
          with
          [
              T=int
          ]
C:\Course_work1\Course_work1\main.cpp(1573,83): warning C4244: аргумент: преобразование "float" в "T", возможна потеря данных
          with
          [
              T=int
          ]
C:\Course_work1\Course_work1\main.cpp(361): warning C4715: symb_size: значение возвращается не при всех путях выполнения
  Course_work1.vcxproj -> C:\Course_work1\Course_work1\Debug\Course_work1.exe
